
**** Build of configuration Debug for project typical_TivaTM4C1294NCPDT ****

"c:\\ti\\ccsv6\\utils\\bin\\gmake" -k all 
making ../src/sysbios/sysbios.aem4f ...
gmake[1]: Entering directory `C:/Users/Connor/Documents/Rover/Motherboard/Software/CCS/typical_TivaTM4C1294NCPDT/src/sysbios'
gmake[1]: Nothing to be done for `all'.
gmake[1]: Leaving directory `C:/Users/Connor/Documents/Rover/Motherboard/Software/CCS/typical_TivaTM4C1294NCPDT/src/sysbios'

**** Build Finished ****

**** Clean-only build of configuration Debug for project RoveWare ****

"c:\\ti\\ccsv6\\utils\\bin\\gmake" -k clean 
gmake: *** No rule to make target `clean'.

**** Build Finished ****

**** Build of configuration Debug for project RoveWare ****

"c:\\ti\\ccsv6\\utils\\bin\\gmake" -k all 
        1 file(s) copied.
making ../src/sysbios/sysbios.aem4f ...
gmake[1]: Entering directory `C:/Users/Connor/Documents/Rover/Motherboard/Software/CCS/RoveWare/src/sysbios'
gmake[1]: Nothing to be done for `all'.
gmake[1]: Leaving directory `C:/Users/Connor/Documents/Rover/Motherboard/Software/CCS/RoveWare/src/sysbios'
'Building file: ../tasks/Command.c'
'Invoking: ARM Compiler'
"c:/ti/ccsv6/tools/compiler/arm_5.1.6/bin/armcl" -mv7M4 --code_state=16 --float_support=FPv4SPD16 --abi=eabi -me --include_path="c:/ti/ccsv6/tools/compiler/arm_5.1.6/include" -g --gcc --define=ccs="ccs" --define=PART_TM4C1294NCPDT --display_error_number --diag_warning=225 --diag_wrap=off --preproc_with_compile --preproc_dependency="tasks/Command.pp" --obj_directory="tasks" --cmd_file="./configPkg/compiler.opt"  "../tasks/Command.c"
'Finished building: ../tasks/Command.c'
' '
'Building file: ../tasks/Telemetry.c'
'Invoking: ARM Compiler'
"c:/ti/ccsv6/tools/compiler/arm_5.1.6/bin/armcl" -mv7M4 --code_state=16 --float_support=FPv4SPD16 --abi=eabi -me --include_path="c:/ti/ccsv6/tools/compiler/arm_5.1.6/include" -g --gcc --define=ccs="ccs" --define=PART_TM4C1294NCPDT --display_error_number --diag_warning=225 --diag_wrap=off --preproc_with_compile --preproc_dependency="tasks/Telemetry.pp" --obj_directory="tasks" --cmd_file="./configPkg/compiler.opt"  "../tasks/Telemetry.c"
'Finished building: ../tasks/Telemetry.c'
' '
'Building target: RoveWare.out'
'Invoking: ARM Linker'
"c:/ti/ccsv6/tools/compiler/arm_5.1.6/bin/armcl" -mv7M4 --code_state=16 --float_support=FPv4SPD16 --abi=eabi -me -g --gcc --define=ccs="ccs" --define=PART_TM4C1294NCPDT --display_error_number --diag_warning=225 --diag_wrap=off -z -m"RoveWare.map" --heap_size=0 --stack_size=512 -i"c:/ti/ccsv6/tools/compiler/arm_5.1.6/lib" -i"c:/ti/ccsv6/tools/compiler/arm_5.1.6/include" --reread_libs --warn_sections --display_error_number --diag_wrap=off --xml_link_info="RoveWare_linkInfo.xml" --rom_model -o "RoveWare.out" -l"./configPkg/linker.cmd"  "./main.obj" "./tasks/Command.obj" "./tasks/Telemetry.obj" "../tm4c1294ncpdt.cmd" -l"libc.a" 
<Linking>
error #10008-D: cannot find file
   "C:\Users\Connor\Documents\Rover\Motherboard\Software\CCS\typical_TivaTM4C12
   94NCPDT\Debug\configPkg\package\cfg\app_pem4f.oem4f"
error #10008-D: cannot find file
   "C:\Users\Connor\Documents\Rover\Motherboard\Software\CCS\typical_TivaTM4C12
   94NCPDT\src\sysbios\sysbios.aem4f"

 undefined                                    first referenced                                                                                                                    
  symbol                                          in file                                                                                                                         
 ---------                                    ----------------                                                                                                                    
 ti_sysbios_BIOS_exit__E                      ./main.obj                                                                                                                          
 ti_sysbios_BIOS_start__E                     ./main.obj                                                                                                                          
 ti_sysbios_knl_Task_create                   ./main.obj                                                                                                                          
 ti_sysbios_knl_Task_sleep__E                 ./main.obj                                                                                                                          
 xdc_runtime_Startup_Module__state__V         C:\ti\tirtos_tivac_2_01_00_03\products\bios_6_40_03_39\packages\ti\targets\arm\rtsarm\lib\ti.targets.arm.rtsarm.aem4f<Startup.oem4f>
 xdc_runtime_Startup_execImpl__C              C:\ti\tirtos_tivac_2_01_00_03\products\bios_6_40_03_39\packages\ti\targets\arm\rtsarm\lib\ti.targets.arm.rtsarm.aem4f<Startup.oem4f>
 xdc_runtime_Startup_firstFxns__C             C:\ti\tirtos_tivac_2_01_00_03\products\bios_6_40_03_39\packages\ti\targets\arm\rtsarm\lib\ti.targets.arm.rtsarm.aem4f<Startup.oem4f>
 xdc_runtime_Startup_lastFxns__C              C:\ti\tirtos_tivac_2_01_00_03\products\bios_6_40_03_39\packages\ti\targets\arm\rtsarm\lib\ti.targets.arm.rtsarm.aem4f<Startup.oem4f>
 xdc_runtime_Startup_reset__I                 C:\ti\tirtos_tivac_2_01_00_03\products\bios_6_40_03_39\packages\ti\targets\arm\rtsarm\lib\boot.aem4f<boot.oem4f>                    
 xdc_runtime_System_Module_GateProxy_enter__E C:\ti\tirtos_tivac_2_01_00_03\products\bios_6_40_03_39\packages\ti\targets\arm\rtsarm\lib\ti.targets.arm.rtsarm.aem4f<Gate.oem4f>   
 xdc_runtime_System_Module__gateObj__C        C:\ti\tirtos_tivac_2_01_00_03\products\bios_6_40_03_39\packages\ti\targets\arm\rtsarm\lib\ti.targets.arm.rtsarm.aem4f<Gate.oem4f>   
 xdc_runtime_System_Module__state__V          C:\ti\tirtos_tivac_2_01_00_03\products\bios_6_40_03_39\packages\ti\targets\arm\rtsarm\lib\ti.targets.arm.rtsarm.aem4f<System.oem4f> 
 xdc_runtime_System_SupportProxy_exit__E      C:\ti\tirtos_tivac_2_01_00_03\products\bios_6_40_03_39\packages\ti\targets\arm\rtsarm\lib\ti.targets.arm.rtsarm.aem4f<System.oem4f> 
 xdc_runtime_System_SupportProxy_flush__E     C:\ti\tirtos_tivac_2_01_00_03\products\bios_6_40_03_39\packages\ti\targets\arm\rtsarm\lib\ti.targets.arm.rtsarm.aem4f<System.oem4f> 

 xdc_runtime_System_exitFxn__C                C:\ti\tirtos_tivac_2_01_00_03\products\bios_6_40_03_39\packages\ti\targets\arm\rtsarm\lib\ti.targets.arm.rtsarm.aem4f<System.oem4f> 
>> Compilation failure
 xdc_runtime_System_printf__E                 ./main.obj                                                                                                                          

error #10234-D: unresolved symbols remain
"./configPkg/linker.cmd", line 132: error #10104: undefined symbol "ti_sysbios_knl_Task_Object__table__V" used in expression
error #10010: errors encountered during linking; "RoveWare.out" not built
gmake: *** [RoveWare.out] Error 1
gmake: Target `all' not remade because of errors.

**** Build Finished ****

**** Clean-only build of configuration Debug for project RoveWare ****

"c:\\ti\\ccsv6\\utils\\bin\\gmake" -k clean 
cleaning ../src/sysbios ...
DEL /F  "RoveWare.out"  "configPkg\linker.cmd" "configPkg\compiler.opt"  "RoveWare.hex" 
Could Not Find C:\Users\Connor\Documents\Rover\Motherboard\Software\CCS\RoveWare\Debug\RoveWare.out
Could Not Find C:\Users\Connor\Documents\Rover\Motherboard\Software\CCS\RoveWare\Debug\RoveWare.hex
RMDIR /S/Q  "configPkg\" 
DEL /F "main.pp" "tasks\Command.pp" "tasks\Telemetry.pp" 
DEL /F "main.obj" "tasks\Command.obj" "tasks\Telemetry.obj" 
'Finished clean'
' '

**** Build Finished ****

**** Build of configuration Debug for project RoveWare ****

"c:\\ti\\ccsv6\\utils\\bin\\gmake" -k all 
making ../src/sysbios/sysbios.aem4f ...
gmake[1]: Entering directory `C:/Users/Connor/Documents/Rover/Motherboard/Software/CCS/RoveWare/src/sysbios'
clem4f C:/ti/tirtos_tivac_2_01_00_03/products/bios_6_40_03_39/packages/ti/sysbios/BIOS.c ...
asmem4f C:/ti/tirtos_tivac_2_01_00_03/products/bios_6_40_03_39/packages/ti/sysbios/family/arm/m3/Clobber_asm.sv7M ...
asmem4f C:/ti/tirtos_tivac_2_01_00_03/products/bios_6_40_03_39/packages/ti/sysbios/family/arm/m3/IntrinsicsSupport_asm.sv7M ...
asmem4f C:/ti/tirtos_tivac_2_01_00_03/products/bios_6_40_03_39/packages/ti/sysbios/family/arm/m3/TaskSupport_asm.sv7M ...
asmem4f C:/ti/tirtos_tivac_2_01_00_03/products/bios_6_40_03_39/packages/ti/sysbios/family/arm/m3/Hwi_asm.sv7M ...
asmem4f C:/ti/tirtos_tivac_2_01_00_03/products/bios_6_40_03_39/packages/ti/sysbios/family/arm/m3/Hwi_asm_switch.sv7M ...
asmem4f C:/ti/tirtos_tivac_2_01_00_03/products/bios_6_40_03_39/packages/ti/sysbios/family/arm/ducati/CTM_asm.sv7M ...
asmem4f C:/ti/tirtos_tivac_2_01_00_03/products/bios_6_40_03_39/packages/ti/sysbios/family/arm/ducati/Core_asm.sv7M ...
asmem4f C:/ti/tirtos_tivac_2_01_00_03/products/bios_6_40_03_39/packages/ti/sysbios/family/arm/ducati/omap4430/Power_saveCpu.sv7M ...
asmem4f C:/ti/tirtos_tivac_2_01_00_03/products/bios_6_40_03_39/packages/ti/sysbios/family/arm/ducati/omap4430/Power_resumeCpu.sv7M ...
asmem4f C:/ti/tirtos_tivac_2_01_00_03/products/bios_6_40_03_39/packages/ti/sysbios/family/arm/ducati/smp/Power_saveCpu.sv7M ...
asmem4f C:/ti/tirtos_tivac_2_01_00_03/products/bios_6_40_03_39/packages/ti/sysbios/family/arm/ducati/smp/Power_resumeCpu.sv7M ...
asmem4f C:/ti/tirtos_tivac_2_01_00_03/products/bios_6_40_03_39/packages/ti/sysbios/timers/dmtimer/Timer_asm.sv7M ...
arem4f BIOS.obj m3_Clobber_asm.obj m3_IntrinsicsSupport_asm.obj m3_TaskSupport_asm.obj m3_Hwi_asm.obj m3_Hwi_asm_switch.obj ducati_CTM_asm.obj ducati_Core_asm.obj omap4430_Power_saveCpu.obj omap4430_Power_resumeCpu.obj smp_Power_saveCpu.obj smp_Power_resumeCpu.obj dmtimer_Timer_asm.obj ...
gmake[1]: Leaving directory `C:/Users/Connor/Documents/Rover/Motherboard/Software/CCS/RoveWare/src/sysbios'
'Building file: ../app.cfg'
'Invoking: XDCtools'
"c:/ti/xdctools_3_30_03_47_core/xs" --xdcpath="c:/ti/tirtos_tivac_2_01_00_03/packages;c:/ti/tirtos_tivac_2_01_00_03/products/bios_6_40_03_39/packages;c:/ti/tirtos_tivac_2_01_00_03/products/ndk_2_23_01_01/packages;c:/ti/tirtos_tivac_2_01_00_03/products/uia_2_00_01_34/packages;c:/ti/ccsv6/ccs_base;" xdc.tools.configuro -o configPkg -t ti.targets.arm.elf.M4F -p ti.platforms.tiva:TM4C1294NCPDT -r release -c "c:/ti/ccsv6/tools/compiler/arm_5.1.6" --compileOptions "-g --optimize_with_debug" "../app.cfg"
making package.mak (because of package.bld) ...
generating interfaces for package configPkg (because package/package.xdc.inc is older than package.xdc) ...
configuring app.xem4f from package/cfg/app_pem4f.cfg ...
generating custom ti.sysbios library makefile ... 
Starting build of library sources ...
making C:/Users/Connor/Documents/Rover/Motherboard/Software/CCS/RoveWare/src/sysbios/sysbios.aem4f ...
gmake[1]: Entering directory `C:/Users/Connor/Documents/Rover/Motherboard/Software/CCS/RoveWare/src/sysbios'
gmake[1]: Nothing to be done for `all'.
gmake[1]: Leaving directory `C:/Users/Connor/Documents/Rover/Motherboard/Software/CCS/RoveWare/src/sysbios'
Build of libraries done.
clem4f package/cfg/app_pem4f.c ...
'Finished building: ../app.cfg'
' '
'Building file: ../main.c'
'Invoking: ARM Compiler'
"c:/ti/ccsv6/tools/compiler/arm_5.1.6/bin/armcl" -mv7M4 --code_state=16 --float_support=FPv4SPD16 --abi=eabi -me --include_path="c:/ti/ccsv6/tools/compiler/arm_5.1.6/include" -g --gcc --define=ccs="ccs" --define=PART_TM4C1294NCPDT --display_error_number --diag_warning=225 --diag_wrap=off --preproc_with_compile --preproc_dependency="main.pp" --cmd_file="./configPkg/compiler.opt"  "../main.c"
'Finished building: ../main.c'
' '
'Building file: ../tasks/Command.c'
'Invoking: ARM Compiler'
"c:/ti/ccsv6/tools/compiler/arm_5.1.6/bin/armcl" -mv7M4 --code_state=16 --float_support=FPv4SPD16 --abi=eabi -me --include_path="c:/ti/ccsv6/tools/compiler/arm_5.1.6/include" -g --gcc --define=ccs="ccs" --define=PART_TM4C1294NCPDT --display_error_number --diag_warning=225 --diag_wrap=off --preproc_with_compile --preproc_dependency="tasks/Command.pp" --obj_directory="tasks" --cmd_file="./configPkg/compiler.opt"  "../tasks/Command.c"
'Finished building: ../tasks/Command.c'
' '
'Building file: ../tasks/Telemetry.c'
'Invoking: ARM Compiler'
"c:/ti/ccsv6/tools/compiler/arm_5.1.6/bin/armcl" -mv7M4 --code_state=16 --float_support=FPv4SPD16 --abi=eabi -me --include_path="c:/ti/ccsv6/tools/compiler/arm_5.1.6/include" -g --gcc --define=ccs="ccs" --define=PART_TM4C1294NCPDT --display_error_number --diag_warning=225 --diag_wrap=off --preproc_with_compile --preproc_dependency="tasks/Telemetry.pp" --obj_directory="tasks" --cmd_file="./configPkg/compiler.opt"  "../tasks/Telemetry.c"
'Finished building: ../tasks/Telemetry.c'
' '
'Building target: RoveWare.out'
'Invoking: ARM Linker'
"c:/ti/ccsv6/tools/compiler/arm_5.1.6/bin/armcl" -mv7M4 --code_state=16 --float_support=FPv4SPD16 --abi=eabi -me -g --gcc --define=ccs="ccs" --define=PART_TM4C1294NCPDT --display_error_number --diag_warning=225 --diag_wrap=off -z -m"RoveWare.map" --heap_size=0 --stack_size=512 -i"c:/ti/ccsv6/tools/compiler/arm_5.1.6/lib" -i"c:/ti/ccsv6/tools/compiler/arm_5.1.6/include" --reread_libs --warn_sections --display_error_number --diag_wrap=off --xml_link_info="RoveWare_linkInfo.xml" --rom_model -o "RoveWare.out" -l"./configPkg/linker.cmd"  "./main.obj" "./tasks/Command.obj" "./tasks/Telemetry.obj" "../tm4c1294ncpdt.cmd" -l"libc.a" 
<Linking>
'Finished building target: RoveWare.out'
' '

**** Build Finished ****
